<?xml version="1.0" encoding="UTF-8"?>
<testsuite name="com.larry.fc.finalproject.core.util.BCryptEncryptorTest" tests="1" skipped="0" failures="0" errors="0" timestamp="2023-02-09T09:18:34" hostname="DESKTOP-1JFASC3" time="0.199">
  <properties/>
  <testcase name="test()" classname="com.larry.fc.finalproject.core.util.BCryptEncryptorTest" time="0.199"/>
  <system-out><![CDATA[]]></system-out>
  <system-err><![CDATA[]]></system-err>
</testsuite>
