<?xml version="1.0" encoding="UTF-8"?>
<testsuite name="com.larry.fc.finalproject.core.DomainCreateTest" tests="1" skipped="0" failures="0" errors="0" timestamp="2023-02-08T03:07:25" hostname="DESKTOP-1JFASC3" time="0.025">
  <properties/>
  <testcase name="eventCreate()" classname="com.larry.fc.finalproject.core.DomainCreateTest" time="0.025"/>
  <system-out><![CDATA[]]></system-out>
  <system-err><![CDATA[]]></system-err>
</testsuite>
